[2016-09-26 18:50:23] php.DEBUG: mkdir(): Permission denied {"type":2,"file":"/var/www/html/vendor/symfony/symfony/src/Symfony/Component/HttpFoundation/Session/Storage/Handler/NativeFileSessionHandler.php","line":51,"level":28928} []
[2016-09-26 18:50:23] request.CRITICAL: Uncaught PHP Exception RuntimeException: "Session Storage was not able to create directory "/var/www/html/app/../var/sessions/prod"" at /var/www/html/vendor/symfony/symfony/src/Symfony/Component/HttpFoundation/Session/Storage/Handler/NativeFileSessionHandler.php line 52 {"exception":"[object] (RuntimeException(code: 0): Session Storage was not able to create directory \"/var/www/html/app/../var/sessions/prod\" at /var/www/html/vendor/symfony/symfony/src/Symfony/Component/HttpFoundation/Session/Storage/Handler/NativeFileSessionHandler.php:52)"} []
[2016-09-26 18:50:23] event.DEBUG: Notified event "{event}" to listener "{listener}". {"event":"kernel.request","listener":"Symfony\\Component\\EventDispatcher\\Debug\\WrappedListener::__invoke"} []
[2016-09-26 18:50:23] event.DEBUG: Notified event "{event}" to listener "{listener}". {"event":"kernel.request","listener":"Symfony\\Component\\EventDispatcher\\Debug\\WrappedListener::__invoke"} []
[2016-09-26 18:50:23] event.DEBUG: Notified event "{event}" to listener "{listener}". {"event":"kernel.request","listener":"Symfony\\Component\\EventDispatcher\\Debug\\WrappedListener::__invoke"} []
[2016-09-26 18:50:23] event.DEBUG: Notified event "{event}" to listener "{listener}". {"event":"kernel.request","listener":"Symfony\\Component\\EventDispatcher\\Debug\\WrappedListener::__invoke"} []
[2016-09-26 18:50:23] event.DEBUG: Notified event "{event}" to listener "{listener}". {"event":"kernel.request","listener":"Symfony\\Component\\EventDispatcher\\Debug\\WrappedListener::__invoke"} []
[2016-09-26 18:50:23] event.DEBUG: Notified event "{event}" to listener "{listener}". {"event":"kernel.request","listener":"Symfony\\Component\\EventDispatcher\\Debug\\WrappedListener::__invoke"} []
[2016-09-26 18:50:23] event.DEBUG: Notified event "{event}" to listener "{listener}". {"event":"kernel.request","listener":"Symfony\\Component\\EventDispatcher\\Debug\\WrappedListener::__invoke"} []
[2016-09-26 18:50:23] event.DEBUG: Notified event "{event}" to listener "{listener}". {"event":"kernel.request","listener":"Symfony\\Component\\EventDispatcher\\Debug\\WrappedListener::__invoke"} []
[2016-09-26 18:50:23] php.DEBUG: mkdir(): Permission denied {"type":2,"file":"/var/www/html/vendor/symfony/symfony/src/Symfony/Component/HttpFoundation/Session/Storage/Handler/NativeFileSessionHandler.php","line":51,"level":28928} []
[2016-09-26 18:50:23] event.DEBUG: Notified event "{event}" to listener "{listener}". {"event":"kernel.finish_request","listener":"Symfony\\Component\\HttpKernel\\EventListener\\LocaleListener::onKernelFinishRequest"} []
[2016-09-26 18:50:23] event.DEBUG: Notified event "{event}" to listener "{listener}". {"event":"kernel.finish_request","listener":"Symfony\\Component\\HttpKernel\\EventListener\\TranslatorListener::onKernelFinishRequest"} []
[2016-09-26 18:50:23] event.DEBUG: Notified event "{event}" to listener "{listener}". {"event":"kernel.finish_request","listener":"Symfony\\Component\\HttpKernel\\EventListener\\RouterListener::onKernelFinishRequest"} []
[2016-09-26 18:50:23] event.DEBUG: Notified event "{event}" to listener "{listener}". {"event":"kernel.finish_request","listener":"Symfony\\Component\\Security\\Http\\Firewall::onKernelFinishRequest"} []
[2016-09-26 18:50:23] request.CRITICAL: Exception thrown when handling an exception (RuntimeException: Session Storage was not able to create directory "/var/www/html/app/../var/sessions/prod" at /var/www/html/vendor/symfony/symfony/src/Symfony/Component/HttpFoundation/Session/Storage/Handler/NativeFileSessionHandler.php line 52) {"exception":"[object] (RuntimeException(code: 0): Session Storage was not able to create directory \"/var/www/html/app/../var/sessions/prod\" at /var/www/html/vendor/symfony/symfony/src/Symfony/Component/HttpFoundation/Session/Storage/Handler/NativeFileSessionHandler.php:52)"} []
[2016-09-26 18:50:23] request.CRITICAL: Uncaught PHP Exception RuntimeException: "Session Storage was not able to create directory "/var/www/html/app/../var/sessions/prod"" at /var/www/html/vendor/symfony/symfony/src/Symfony/Component/HttpFoundation/Session/Storage/Handler/NativeFileSessionHandler.php line 52 {"exception":"[object] (RuntimeException(code: 0): Session Storage was not able to create directory \"/var/www/html/app/../var/sessions/prod\" at /var/www/html/vendor/symfony/symfony/src/Symfony/Component/HttpFoundation/Session/Storage/Handler/NativeFileSessionHandler.php:52, RuntimeException(code: 0): Session Storage was not able to create directory \"/var/www/html/app/../var/sessions/prod\" at /var/www/html/vendor/symfony/symfony/src/Symfony/Component/HttpFoundation/Session/Storage/Handler/NativeFileSessionHandler.php:52)"} []
[2016-09-26 18:50:23] event.DEBUG: Notified event "{event}" to listener "{listener}". {"event":"kernel.request","listener":"Symfony\\Component\\EventDispatcher\\Debug\\WrappedListener::__invoke"} []
[2016-09-26 18:50:23] event.DEBUG: Notified event "{event}" to listener "{listener}". {"event":"kernel.request","listener":"Symfony\\Component\\EventDispatcher\\Debug\\WrappedListener::__invoke"} []
[2016-09-26 18:50:23] event.DEBUG: Notified event "{event}" to listener "{listener}". {"event":"kernel.request","listener":"Symfony\\Component\\EventDispatcher\\Debug\\WrappedListener::__invoke"} []
[2016-09-26 18:50:23] event.DEBUG: Notified event "{event}" to listener "{listener}". {"event":"kernel.request","listener":"Symfony\\Component\\EventDispatcher\\Debug\\WrappedListener::__invoke"} []
[2016-09-26 18:50:23] event.DEBUG: Notified event "{event}" to listener "{listener}". {"event":"kernel.request","listener":"Symfony\\Component\\EventDispatcher\\Debug\\WrappedListener::__invoke"} []
[2016-09-26 18:50:23] event.DEBUG: Notified event "{event}" to listener "{listener}". {"event":"kernel.request","listener":"Symfony\\Component\\EventDispatcher\\Debug\\WrappedListener::__invoke"} []
[2016-09-26 18:50:23] event.DEBUG: Notified event "{event}" to listener "{listener}". {"event":"kernel.request","listener":"Symfony\\Component\\EventDispatcher\\Debug\\WrappedListener::__invoke"} []
[2016-09-26 18:50:23] event.DEBUG: Notified event "{event}" to listener "{listener}". {"event":"kernel.request","listener":"Symfony\\Component\\EventDispatcher\\Debug\\WrappedListener::__invoke"} []
[2016-09-26 18:50:23] php.DEBUG: mkdir(): Permission denied {"type":2,"file":"/var/www/html/vendor/symfony/symfony/src/Symfony/Component/HttpFoundation/Session/Storage/Handler/NativeFileSessionHandler.php","line":51,"level":28928} []
[2016-09-26 18:50:23] event.DEBUG: Notified event "{event}" to listener "{listener}". {"event":"kernel.finish_request","listener":"Symfony\\Component\\HttpKernel\\EventListener\\LocaleListener::onKernelFinishRequest"} []
[2016-09-26 18:50:23] event.DEBUG: Notified event "{event}" to listener "{listener}". {"event":"kernel.finish_request","listener":"Symfony\\Component\\HttpKernel\\EventListener\\TranslatorListener::onKernelFinishRequest"} []
[2016-09-26 18:50:23] event.DEBUG: Notified event "{event}" to listener "{listener}". {"event":"kernel.finish_request","listener":"Symfony\\Component\\HttpKernel\\EventListener\\RouterListener::onKernelFinishRequest"} []
[2016-09-26 18:50:23] event.DEBUG: Notified event "{event}" to listener "{listener}". {"event":"kernel.finish_request","listener":"Symfony\\Component\\Security\\Http\\Firewall::onKernelFinishRequest"} []
[2016-09-26 18:50:23] request.CRITICAL: Exception thrown when handling an exception (RuntimeException: Session Storage was not able to create directory "/var/www/html/app/../var/sessions/prod" at /var/www/html/vendor/symfony/symfony/src/Symfony/Component/HttpFoundation/Session/Storage/Handler/NativeFileSessionHandler.php line 52) {"exception":"[object] (RuntimeException(code: 0): Session Storage was not able to create directory \"/var/www/html/app/../var/sessions/prod\" at /var/www/html/vendor/symfony/symfony/src/Symfony/Component/HttpFoundation/Session/Storage/Handler/NativeFileSessionHandler.php:52)"} []
[2016-09-26 19:46:43] php.DEBUG: mkdir(): Permission denied {"type":2,"file":"/var/www/html/var/cache/prod/classes.php","line":291,"level":28928} []
[2016-09-26 19:46:43] request.CRITICAL: Uncaught PHP Exception RuntimeException: "Session Storage was not able to create directory "/var/www/html/app/../var/sessions/prod"" at /var/www/html/var/cache/prod/classes.php line 292 {"exception":"[object] (RuntimeException(code: 0): Session Storage was not able to create directory \"/var/www/html/app/../var/sessions/prod\" at /var/www/html/var/cache/prod/classes.php:292)"} []
[2016-09-26 19:46:43] event.DEBUG: Notified event "{event}" to listener "{listener}". {"event":"kernel.request","listener":"Symfony\\Component\\EventDispatcher\\Debug\\WrappedListener::__invoke"} []
[2016-09-26 19:46:43] event.DEBUG: Notified event "{event}" to listener "{listener}". {"event":"kernel.request","listener":"Symfony\\Component\\EventDispatcher\\Debug\\WrappedListener::__invoke"} []
[2016-09-26 19:46:43] event.DEBUG: Notified event "{event}" to listener "{listener}". {"event":"kernel.request","listener":"Symfony\\Component\\EventDispatcher\\Debug\\WrappedListener::__invoke"} []
[2016-09-26 19:46:43] event.DEBUG: Notified event "{event}" to listener "{listener}". {"event":"kernel.request","listener":"Symfony\\Component\\EventDispatcher\\Debug\\WrappedListener::__invoke"} []
[2016-09-26 19:46:43] event.DEBUG: Notified event "{event}" to listener "{listener}". {"event":"kernel.request","listener":"Symfony\\Component\\EventDispatcher\\Debug\\WrappedListener::__invoke"} []
[2016-09-26 19:46:43] event.DEBUG: Notified event "{event}" to listener "{listener}". {"event":"kernel.request","listener":"Symfony\\Component\\EventDispatcher\\Debug\\WrappedListener::__invoke"} []
[2016-09-26 19:46:43] event.DEBUG: Notified event "{event}" to listener "{listener}". {"event":"kernel.request","listener":"Symfony\\Component\\EventDispatcher\\Debug\\WrappedListener::__invoke"} []
[2016-09-26 19:46:43] event.DEBUG: Notified event "{event}" to listener "{listener}". {"event":"kernel.request","listener":"Symfony\\Component\\EventDispatcher\\Debug\\WrappedListener::__invoke"} []
[2016-09-26 19:46:43] php.DEBUG: mkdir(): Permission denied {"type":2,"file":"/var/www/html/var/cache/prod/classes.php","line":291,"level":28928} []
[2016-09-26 19:46:43] event.DEBUG: Notified event "{event}" to listener "{listener}". {"event":"kernel.finish_request","listener":"Symfony\\Component\\HttpKernel\\EventListener\\LocaleListener::onKernelFinishRequest"} []
[2016-09-26 19:46:43] event.DEBUG: Notified event "{event}" to listener "{listener}". {"event":"kernel.finish_request","listener":"Symfony\\Component\\HttpKernel\\EventListener\\TranslatorListener::onKernelFinishRequest"} []
[2016-09-26 19:46:43] event.DEBUG: Notified event "{event}" to listener "{listener}". {"event":"kernel.finish_request","listener":"Symfony\\Component\\HttpKernel\\EventListener\\RouterListener::onKernelFinishRequest"} []
[2016-09-26 19:46:43] event.DEBUG: Notified event "{event}" to listener "{listener}". {"event":"kernel.finish_request","listener":"Symfony\\Component\\Security\\Http\\Firewall::onKernelFinishRequest"} []
[2016-09-26 19:46:43] request.CRITICAL: Exception thrown when handling an exception (RuntimeException: Session Storage was not able to create directory "/var/www/html/app/../var/sessions/prod" at /var/www/html/var/cache/prod/classes.php line 292) {"exception":"[object] (RuntimeException(code: 0): Session Storage was not able to create directory \"/var/www/html/app/../var/sessions/prod\" at /var/www/html/var/cache/prod/classes.php:292)"} []
[2016-09-26 19:46:43] request.CRITICAL: Uncaught PHP Exception RuntimeException: "Session Storage was not able to create directory "/var/www/html/app/../var/sessions/prod"" at /var/www/html/var/cache/prod/classes.php line 292 {"exception":"[object] (RuntimeException(code: 0): Session Storage was not able to create directory \"/var/www/html/app/../var/sessions/prod\" at /var/www/html/var/cache/prod/classes.php:292, RuntimeException(code: 0): Session Storage was not able to create directory \"/var/www/html/app/../var/sessions/prod\" at /var/www/html/var/cache/prod/classes.php:292)"} []
[2016-09-26 19:46:43] event.DEBUG: Notified event "{event}" to listener "{listener}". {"event":"kernel.request","listener":"Symfony\\Component\\EventDispatcher\\Debug\\WrappedListener::__invoke"} []
[2016-09-26 19:46:43] event.DEBUG: Notified event "{event}" to listener "{listener}". {"event":"kernel.request","listener":"Symfony\\Component\\EventDispatcher\\Debug\\WrappedListener::__invoke"} []
[2016-09-26 19:46:43] event.DEBUG: Notified event "{event}" to listener "{listener}". {"event":"kernel.request","listener":"Symfony\\Component\\EventDispatcher\\Debug\\WrappedListener::__invoke"} []
[2016-09-26 19:46:43] event.DEBUG: Notified event "{event}" to listener "{listener}". {"event":"kernel.request","listener":"Symfony\\Component\\EventDispatcher\\Debug\\WrappedListener::__invoke"} []
[2016-09-26 19:46:43] event.DEBUG: Notified event "{event}" to listener "{listener}". {"event":"kernel.request","listener":"Symfony\\Component\\EventDispatcher\\Debug\\WrappedListener::__invoke"} []
[2016-09-26 19:46:43] event.DEBUG: Notified event "{event}" to listener "{listener}". {"event":"kernel.request","listener":"Symfony\\Component\\EventDispatcher\\Debug\\WrappedListener::__invoke"} []
[2016-09-26 19:46:43] event.DEBUG: Notified event "{event}" to listener "{listener}". {"event":"kernel.request","listener":"Symfony\\Component\\EventDispatcher\\Debug\\WrappedListener::__invoke"} []
[2016-09-26 19:46:43] event.DEBUG: Notified event "{event}" to listener "{listener}". {"event":"kernel.request","listener":"Symfony\\Component\\EventDispatcher\\Debug\\WrappedListener::__invoke"} []
[2016-09-26 19:46:43] php.DEBUG: mkdir(): Permission denied {"type":2,"file":"/var/www/html/var/cache/prod/classes.php","line":291,"level":28928} []
[2016-09-26 19:46:43] event.DEBUG: Notified event "{event}" to listener "{listener}". {"event":"kernel.finish_request","listener":"Symfony\\Component\\HttpKernel\\EventListener\\LocaleListener::onKernelFinishRequest"} []
[2016-09-26 19:46:43] event.DEBUG: Notified event "{event}" to listener "{listener}". {"event":"kernel.finish_request","listener":"Symfony\\Component\\HttpKernel\\EventListener\\TranslatorListener::onKernelFinishRequest"} []
[2016-09-26 19:46:43] event.DEBUG: Notified event "{event}" to listener "{listener}". {"event":"kernel.finish_request","listener":"Symfony\\Component\\HttpKernel\\EventListener\\RouterListener::onKernelFinishRequest"} []
[2016-09-26 19:46:43] event.DEBUG: Notified event "{event}" to listener "{listener}". {"event":"kernel.finish_request","listener":"Symfony\\Component\\Security\\Http\\Firewall::onKernelFinishRequest"} []
[2016-09-26 19:46:43] request.CRITICAL: Exception thrown when handling an exception (RuntimeException: Session Storage was not able to create directory "/var/www/html/app/../var/sessions/prod" at /var/www/html/var/cache/prod/classes.php line 292) {"exception":"[object] (RuntimeException(code: 0): Session Storage was not able to create directory \"/var/www/html/app/../var/sessions/prod\" at /var/www/html/var/cache/prod/classes.php:292)"} []
[2016-09-26 19:57:31] php.DEBUG: mkdir(): Permission denied {"type":2,"file":"/var/www/html/var/cache/prod/classes.php","line":291,"level":28928} []
[2016-09-26 19:57:31] request.CRITICAL: Uncaught PHP Exception RuntimeException: "Session Storage was not able to create directory "/var/www/html/app/../var/sessions/prod"" at /var/www/html/var/cache/prod/classes.php line 292 {"exception":"[object] (RuntimeException(code: 0): Session Storage was not able to create directory \"/var/www/html/app/../var/sessions/prod\" at /var/www/html/var/cache/prod/classes.php:292)"} []
[2016-09-26 19:57:31] event.DEBUG: Notified event "{event}" to listener "{listener}". {"event":"kernel.request","listener":"Symfony\\Component\\EventDispatcher\\Debug\\WrappedListener::__invoke"} []
[2016-09-26 19:57:31] event.DEBUG: Notified event "{event}" to listener "{listener}". {"event":"kernel.request","listener":"Symfony\\Component\\EventDispatcher\\Debug\\WrappedListener::__invoke"} []
[2016-09-26 19:57:31] event.DEBUG: Notified event "{event}" to listener "{listener}". {"event":"kernel.request","listener":"Symfony\\Component\\EventDispatcher\\Debug\\WrappedListener::__invoke"} []
[2016-09-26 19:57:31] event.DEBUG: Notified event "{event}" to listener "{listener}". {"event":"kernel.request","listener":"Symfony\\Component\\EventDispatcher\\Debug\\WrappedListener::__invoke"} []
[2016-09-26 19:57:31] event.DEBUG: Notified event "{event}" to listener "{listener}". {"event":"kernel.request","listener":"Symfony\\Component\\EventDispatcher\\Debug\\WrappedListener::__invoke"} []
[2016-09-26 19:57:31] event.DEBUG: Notified event "{event}" to listener "{listener}". {"event":"kernel.request","listener":"Symfony\\Component\\EventDispatcher\\Debug\\WrappedListener::__invoke"} []
[2016-09-26 19:57:31] event.DEBUG: Notified event "{event}" to listener "{listener}". {"event":"kernel.request","listener":"Symfony\\Component\\EventDispatcher\\Debug\\WrappedListener::__invoke"} []
[2016-09-26 19:57:31] event.DEBUG: Notified event "{event}" to listener "{listener}". {"event":"kernel.request","listener":"Symfony\\Component\\EventDispatcher\\Debug\\WrappedListener::__invoke"} []
[2016-09-26 19:57:31] php.DEBUG: mkdir(): Permission denied {"type":2,"file":"/var/www/html/var/cache/prod/classes.php","line":291,"level":28928} []
[2016-09-26 19:57:31] event.DEBUG: Notified event "{event}" to listener "{listener}". {"event":"kernel.finish_request","listener":"Symfony\\Component\\HttpKernel\\EventListener\\LocaleListener::onKernelFinishRequest"} []
[2016-09-26 19:57:31] event.DEBUG: Notified event "{event}" to listener "{listener}". {"event":"kernel.finish_request","listener":"Symfony\\Component\\HttpKernel\\EventListener\\TranslatorListener::onKernelFinishRequest"} []
[2016-09-26 19:57:31] event.DEBUG: Notified event "{event}" to listener "{listener}". {"event":"kernel.finish_request","listener":"Symfony\\Component\\HttpKernel\\EventListener\\RouterListener::onKernelFinishRequest"} []
[2016-09-26 19:57:31] event.DEBUG: Notified event "{event}" to listener "{listener}". {"event":"kernel.finish_request","listener":"Symfony\\Component\\Security\\Http\\Firewall::onKernelFinishRequest"} []
[2016-09-26 19:57:31] request.CRITICAL: Exception thrown when handling an exception (RuntimeException: Session Storage was not able to create directory "/var/www/html/app/../var/sessions/prod" at /var/www/html/var/cache/prod/classes.php line 292) {"exception":"[object] (RuntimeException(code: 0): Session Storage was not able to create directory \"/var/www/html/app/../var/sessions/prod\" at /var/www/html/var/cache/prod/classes.php:292)"} []
[2016-09-26 19:57:31] request.CRITICAL: Uncaught PHP Exception RuntimeException: "Session Storage was not able to create directory "/var/www/html/app/../var/sessions/prod"" at /var/www/html/var/cache/prod/classes.php line 292 {"exception":"[object] (RuntimeException(code: 0): Session Storage was not able to create directory \"/var/www/html/app/../var/sessions/prod\" at /var/www/html/var/cache/prod/classes.php:292, RuntimeException(code: 0): Session Storage was not able to create directory \"/var/www/html/app/../var/sessions/prod\" at /var/www/html/var/cache/prod/classes.php:292)"} []
[2016-09-26 19:57:31] event.DEBUG: Notified event "{event}" to listener "{listener}". {"event":"kernel.request","listener":"Symfony\\Component\\EventDispatcher\\Debug\\WrappedListener::__invoke"} []
[2016-09-26 19:57:31] event.DEBUG: Notified event "{event}" to listener "{listener}". {"event":"kernel.request","listener":"Symfony\\Component\\EventDispatcher\\Debug\\WrappedListener::__invoke"} []
[2016-09-26 19:57:31] event.DEBUG: Notified event "{event}" to listener "{listener}". {"event":"kernel.request","listener":"Symfony\\Component\\EventDispatcher\\Debug\\WrappedListener::__invoke"} []
[2016-09-26 19:57:31] event.DEBUG: Notified event "{event}" to listener "{listener}". {"event":"kernel.request","listener":"Symfony\\Component\\EventDispatcher\\Debug\\WrappedListener::__invoke"} []
[2016-09-26 19:57:31] event.DEBUG: Notified event "{event}" to listener "{listener}". {"event":"kernel.request","listener":"Symfony\\Component\\EventDispatcher\\Debug\\WrappedListener::__invoke"} []
[2016-09-26 19:57:31] event.DEBUG: Notified event "{event}" to listener "{listener}". {"event":"kernel.request","listener":"Symfony\\Component\\EventDispatcher\\Debug\\WrappedListener::__invoke"} []
[2016-09-26 19:57:31] event.DEBUG: Notified event "{event}" to listener "{listener}". {"event":"kernel.request","listener":"Symfony\\Component\\EventDispatcher\\Debug\\WrappedListener::__invoke"} []
[2016-09-26 19:57:31] event.DEBUG: Notified event "{event}" to listener "{listener}". {"event":"kernel.request","listener":"Symfony\\Component\\EventDispatcher\\Debug\\WrappedListener::__invoke"} []
[2016-09-26 19:57:31] php.DEBUG: mkdir(): Permission denied {"type":2,"file":"/var/www/html/var/cache/prod/classes.php","line":291,"level":28928} []
[2016-09-26 19:57:31] event.DEBUG: Notified event "{event}" to listener "{listener}". {"event":"kernel.finish_request","listener":"Symfony\\Component\\HttpKernel\\EventListener\\LocaleListener::onKernelFinishRequest"} []
[2016-09-26 19:57:31] event.DEBUG: Notified event "{event}" to listener "{listener}". {"event":"kernel.finish_request","listener":"Symfony\\Component\\HttpKernel\\EventListener\\TranslatorListener::onKernelFinishRequest"} []
[2016-09-26 19:57:31] event.DEBUG: Notified event "{event}" to listener "{listener}". {"event":"kernel.finish_request","listener":"Symfony\\Component\\HttpKernel\\EventListener\\RouterListener::onKernelFinishRequest"} []
[2016-09-26 19:57:31] event.DEBUG: Notified event "{event}" to listener "{listener}". {"event":"kernel.finish_request","listener":"Symfony\\Component\\Security\\Http\\Firewall::onKernelFinishRequest"} []
[2016-09-26 19:57:31] request.CRITICAL: Exception thrown when handling an exception (RuntimeException: Session Storage was not able to create directory "/var/www/html/app/../var/sessions/prod" at /var/www/html/var/cache/prod/classes.php line 292) {"exception":"[object] (RuntimeException(code: 0): Session Storage was not able to create directory \"/var/www/html/app/../var/sessions/prod\" at /var/www/html/var/cache/prod/classes.php:292)"} []
[2016-09-26 19:57:41] php.DEBUG: mkdir(): Permission denied {"type":2,"file":"/var/www/html/var/cache/prod/classes.php","line":291,"level":28928} []
[2016-09-26 19:57:41] request.CRITICAL: Uncaught PHP Exception RuntimeException: "Session Storage was not able to create directory "/var/www/html/app/../var/sessions/prod"" at /var/www/html/var/cache/prod/classes.php line 292 {"exception":"[object] (RuntimeException(code: 0): Session Storage was not able to create directory \"/var/www/html/app/../var/sessions/prod\" at /var/www/html/var/cache/prod/classes.php:292)"} []
[2016-09-26 19:57:41] event.DEBUG: Notified event "{event}" to listener "{listener}". {"event":"kernel.request","listener":"Symfony\\Component\\EventDispatcher\\Debug\\WrappedListener::__invoke"} []
[2016-09-26 19:57:41] event.DEBUG: Notified event "{event}" to listener "{listener}". {"event":"kernel.request","listener":"Symfony\\Component\\EventDispatcher\\Debug\\WrappedListener::__invoke"} []
[2016-09-26 19:57:41] event.DEBUG: Notified event "{event}" to listener "{listener}". {"event":"kernel.request","listener":"Symfony\\Component\\EventDispatcher\\Debug\\WrappedListener::__invoke"} []
[2016-09-26 19:57:41] event.DEBUG: Notified event "{event}" to listener "{listener}". {"event":"kernel.request","listener":"Symfony\\Component\\EventDispatcher\\Debug\\WrappedListener::__invoke"} []
[2016-09-26 19:57:41] event.DEBUG: Notified event "{event}" to listener "{listener}". {"event":"kernel.request","listener":"Symfony\\Component\\EventDispatcher\\Debug\\WrappedListener::__invoke"} []
[2016-09-26 19:57:41] event.DEBUG: Notified event "{event}" to listener "{listener}". {"event":"kernel.request","listener":"Symfony\\Component\\EventDispatcher\\Debug\\WrappedListener::__invoke"} []
[2016-09-26 19:57:41] event.DEBUG: Notified event "{event}" to listener "{listener}". {"event":"kernel.request","listener":"Symfony\\Component\\EventDispatcher\\Debug\\WrappedListener::__invoke"} []
[2016-09-26 19:57:41] event.DEBUG: Notified event "{event}" to listener "{listener}". {"event":"kernel.request","listener":"Symfony\\Component\\EventDispatcher\\Debug\\WrappedListener::__invoke"} []
[2016-09-26 19:57:41] php.DEBUG: mkdir(): Permission denied {"type":2,"file":"/var/www/html/var/cache/prod/classes.php","line":291,"level":28928} []
[2016-09-26 19:57:41] event.DEBUG: Notified event "{event}" to listener "{listener}". {"event":"kernel.finish_request","listener":"Symfony\\Component\\HttpKernel\\EventListener\\LocaleListener::onKernelFinishRequest"} []
[2016-09-26 19:57:41] event.DEBUG: Notified event "{event}" to listener "{listener}". {"event":"kernel.finish_request","listener":"Symfony\\Component\\HttpKernel\\EventListener\\TranslatorListener::onKernelFinishRequest"} []
[2016-09-26 19:57:41] event.DEBUG: Notified event "{event}" to listener "{listener}". {"event":"kernel.finish_request","listener":"Symfony\\Component\\HttpKernel\\EventListener\\RouterListener::onKernelFinishRequest"} []
[2016-09-26 19:57:41] event.DEBUG: Notified event "{event}" to listener "{listener}". {"event":"kernel.finish_request","listener":"Symfony\\Component\\Security\\Http\\Firewall::onKernelFinishRequest"} []
[2016-09-26 19:57:41] request.CRITICAL: Exception thrown when handling an exception (RuntimeException: Session Storage was not able to create directory "/var/www/html/app/../var/sessions/prod" at /var/www/html/var/cache/prod/classes.php line 292) {"exception":"[object] (RuntimeException(code: 0): Session Storage was not able to create directory \"/var/www/html/app/../var/sessions/prod\" at /var/www/html/var/cache/prod/classes.php:292)"} []
[2016-09-26 19:57:41] request.CRITICAL: Uncaught PHP Exception RuntimeException: "Session Storage was not able to create directory "/var/www/html/app/../var/sessions/prod"" at /var/www/html/var/cache/prod/classes.php line 292 {"exception":"[object] (RuntimeException(code: 0): Session Storage was not able to create directory \"/var/www/html/app/../var/sessions/prod\" at /var/www/html/var/cache/prod/classes.php:292, RuntimeException(code: 0): Session Storage was not able to create directory \"/var/www/html/app/../var/sessions/prod\" at /var/www/html/var/cache/prod/classes.php:292)"} []
[2016-09-26 19:57:41] event.DEBUG: Notified event "{event}" to listener "{listener}". {"event":"kernel.request","listener":"Symfony\\Component\\EventDispatcher\\Debug\\WrappedListener::__invoke"} []
[2016-09-26 19:57:41] event.DEBUG: Notified event "{event}" to listener "{listener}". {"event":"kernel.request","listener":"Symfony\\Component\\EventDispatcher\\Debug\\WrappedListener::__invoke"} []
[2016-09-26 19:57:41] event.DEBUG: Notified event "{event}" to listener "{listener}". {"event":"kernel.request","listener":"Symfony\\Component\\EventDispatcher\\Debug\\WrappedListener::__invoke"} []
[2016-09-26 19:57:41] event.DEBUG: Notified event "{event}" to listener "{listener}". {"event":"kernel.request","listener":"Symfony\\Component\\EventDispatcher\\Debug\\WrappedListener::__invoke"} []
[2016-09-26 19:57:41] event.DEBUG: Notified event "{event}" to listener "{listener}". {"event":"kernel.request","listener":"Symfony\\Component\\EventDispatcher\\Debug\\WrappedListener::__invoke"} []
[2016-09-26 19:57:41] event.DEBUG: Notified event "{event}" to listener "{listener}". {"event":"kernel.request","listener":"Symfony\\Component\\EventDispatcher\\Debug\\WrappedListener::__invoke"} []
[2016-09-26 19:57:41] event.DEBUG: Notified event "{event}" to listener "{listener}". {"event":"kernel.request","listener":"Symfony\\Component\\EventDispatcher\\Debug\\WrappedListener::__invoke"} []
[2016-09-26 19:57:41] event.DEBUG: Notified event "{event}" to listener "{listener}". {"event":"kernel.request","listener":"Symfony\\Component\\EventDispatcher\\Debug\\WrappedListener::__invoke"} []
[2016-09-26 19:57:41] php.DEBUG: mkdir(): Permission denied {"type":2,"file":"/var/www/html/var/cache/prod/classes.php","line":291,"level":28928} []
[2016-09-26 19:57:41] event.DEBUG: Notified event "{event}" to listener "{listener}". {"event":"kernel.finish_request","listener":"Symfony\\Component\\HttpKernel\\EventListener\\LocaleListener::onKernelFinishRequest"} []
[2016-09-26 19:57:41] event.DEBUG: Notified event "{event}" to listener "{listener}". {"event":"kernel.finish_request","listener":"Symfony\\Component\\HttpKernel\\EventListener\\TranslatorListener::onKernelFinishRequest"} []
[2016-09-26 19:57:41] event.DEBUG: Notified event "{event}" to listener "{listener}". {"event":"kernel.finish_request","listener":"Symfony\\Component\\HttpKernel\\EventListener\\RouterListener::onKernelFinishRequest"} []
[2016-09-26 19:57:41] event.DEBUG: Notified event "{event}" to listener "{listener}". {"event":"kernel.finish_request","listener":"Symfony\\Component\\Security\\Http\\Firewall::onKernelFinishRequest"} []
[2016-09-26 19:57:41] request.CRITICAL: Exception thrown when handling an exception (RuntimeException: Session Storage was not able to create directory "/var/www/html/app/../var/sessions/prod" at /var/www/html/var/cache/prod/classes.php line 292) {"exception":"[object] (RuntimeException(code: 0): Session Storage was not able to create directory \"/var/www/html/app/../var/sessions/prod\" at /var/www/html/var/cache/prod/classes.php:292)"} []
[2016-09-26 20:17:24] php.DEBUG: mkdir(): Permission denied {"type":2,"file":"/var/www/html/var/cache/prod/classes.php","line":291,"level":28928} []
[2016-09-26 20:17:24] request.CRITICAL: Uncaught PHP Exception RuntimeException: "Session Storage was not able to create directory "/var/www/html/app/../var/sessions/prod"" at /var/www/html/var/cache/prod/classes.php line 292 {"exception":"[object] (RuntimeException(code: 0): Session Storage was not able to create directory \"/var/www/html/app/../var/sessions/prod\" at /var/www/html/var/cache/prod/classes.php:292)"} []
[2016-09-26 20:17:24] event.DEBUG: Notified event "{event}" to listener "{listener}". {"event":"kernel.request","listener":"Symfony\\Component\\EventDispatcher\\Debug\\WrappedListener::__invoke"} []
[2016-09-26 20:17:24] event.DEBUG: Notified event "{event}" to listener "{listener}". {"event":"kernel.request","listener":"Symfony\\Component\\EventDispatcher\\Debug\\WrappedListener::__invoke"} []
[2016-09-26 20:17:24] event.DEBUG: Notified event "{event}" to listener "{listener}". {"event":"kernel.request","listener":"Symfony\\Component\\EventDispatcher\\Debug\\WrappedListener::__invoke"} []
[2016-09-26 20:17:24] event.DEBUG: Notified event "{event}" to listener "{listener}". {"event":"kernel.request","listener":"Symfony\\Component\\EventDispatcher\\Debug\\WrappedListener::__invoke"} []
[2016-09-26 20:17:24] event.DEBUG: Notified event "{event}" to listener "{listener}". {"event":"kernel.request","listener":"Symfony\\Component\\EventDispatcher\\Debug\\WrappedListener::__invoke"} []
[2016-09-26 20:17:24] event.DEBUG: Notified event "{event}" to listener "{listener}". {"event":"kernel.request","listener":"Symfony\\Component\\EventDispatcher\\Debug\\WrappedListener::__invoke"} []
[2016-09-26 20:17:24] event.DEBUG: Notified event "{event}" to listener "{listener}". {"event":"kernel.request","listener":"Symfony\\Component\\EventDispatcher\\Debug\\WrappedListener::__invoke"} []
[2016-09-26 20:17:24] event.DEBUG: Notified event "{event}" to listener "{listener}". {"event":"kernel.request","listener":"Symfony\\Component\\EventDispatcher\\Debug\\WrappedListener::__invoke"} []
[2016-09-26 20:17:24] php.DEBUG: mkdir(): Permission denied {"type":2,"file":"/var/www/html/var/cache/prod/classes.php","line":291,"level":28928} []
[2016-09-26 20:17:24] event.DEBUG: Notified event "{event}" to listener "{listener}". {"event":"kernel.finish_request","listener":"Symfony\\Component\\HttpKernel\\EventListener\\LocaleListener::onKernelFinishRequest"} []
[2016-09-26 20:17:24] event.DEBUG: Notified event "{event}" to listener "{listener}". {"event":"kernel.finish_request","listener":"Symfony\\Component\\HttpKernel\\EventListener\\TranslatorListener::onKernelFinishRequest"} []
[2016-09-26 20:17:24] event.DEBUG: Notified event "{event}" to listener "{listener}". {"event":"kernel.finish_request","listener":"Symfony\\Component\\HttpKernel\\EventListener\\RouterListener::onKernelFinishRequest"} []
[2016-09-26 20:17:24] event.DEBUG: Notified event "{event}" to listener "{listener}". {"event":"kernel.finish_request","listener":"Symfony\\Component\\Security\\Http\\Firewall::onKernelFinishRequest"} []
[2016-09-26 20:17:24] request.CRITICAL: Exception thrown when handling an exception (RuntimeException: Session Storage was not able to create directory "/var/www/html/app/../var/sessions/prod" at /var/www/html/var/cache/prod/classes.php line 292) {"exception":"[object] (RuntimeException(code: 0): Session Storage was not able to create directory \"/var/www/html/app/../var/sessions/prod\" at /var/www/html/var/cache/prod/classes.php:292)"} []
[2016-09-26 20:17:24] request.CRITICAL: Uncaught PHP Exception RuntimeException: "Session Storage was not able to create directory "/var/www/html/app/../var/sessions/prod"" at /var/www/html/var/cache/prod/classes.php line 292 {"exception":"[object] (RuntimeException(code: 0): Session Storage was not able to create directory \"/var/www/html/app/../var/sessions/prod\" at /var/www/html/var/cache/prod/classes.php:292, RuntimeException(code: 0): Session Storage was not able to create directory \"/var/www/html/app/../var/sessions/prod\" at /var/www/html/var/cache/prod/classes.php:292)"} []
[2016-09-26 20:17:24] event.DEBUG: Notified event "{event}" to listener "{listener}". {"event":"kernel.request","listener":"Symfony\\Component\\EventDispatcher\\Debug\\WrappedListener::__invoke"} []
[2016-09-26 20:17:24] event.DEBUG: Notified event "{event}" to listener "{listener}". {"event":"kernel.request","listener":"Symfony\\Component\\EventDispatcher\\Debug\\WrappedListener::__invoke"} []
[2016-09-26 20:17:24] event.DEBUG: Notified event "{event}" to listener "{listener}". {"event":"kernel.request","listener":"Symfony\\Component\\EventDispatcher\\Debug\\WrappedListener::__invoke"} []
[2016-09-26 20:17:24] event.DEBUG: Notified event "{event}" to listener "{listener}". {"event":"kernel.request","listener":"Symfony\\Component\\EventDispatcher\\Debug\\WrappedListener::__invoke"} []
[2016-09-26 20:17:24] event.DEBUG: Notified event "{event}" to listener "{listener}". {"event":"kernel.request","listener":"Symfony\\Component\\EventDispatcher\\Debug\\WrappedListener::__invoke"} []
[2016-09-26 20:17:24] event.DEBUG: Notified event "{event}" to listener "{listener}". {"event":"kernel.request","listener":"Symfony\\Component\\EventDispatcher\\Debug\\WrappedListener::__invoke"} []
[2016-09-26 20:17:24] event.DEBUG: Notified event "{event}" to listener "{listener}". {"event":"kernel.request","listener":"Symfony\\Component\\EventDispatcher\\Debug\\WrappedListener::__invoke"} []
[2016-09-26 20:17:24] event.DEBUG: Notified event "{event}" to listener "{listener}". {"event":"kernel.request","listener":"Symfony\\Component\\EventDispatcher\\Debug\\WrappedListener::__invoke"} []
[2016-09-26 20:17:24] php.DEBUG: mkdir(): Permission denied {"type":2,"file":"/var/www/html/var/cache/prod/classes.php","line":291,"level":28928} []
[2016-09-26 20:17:24] event.DEBUG: Notified event "{event}" to listener "{listener}". {"event":"kernel.finish_request","listener":"Symfony\\Component\\HttpKernel\\EventListener\\LocaleListener::onKernelFinishRequest"} []
[2016-09-26 20:17:24] event.DEBUG: Notified event "{event}" to listener "{listener}". {"event":"kernel.finish_request","listener":"Symfony\\Component\\HttpKernel\\EventListener\\TranslatorListener::onKernelFinishRequest"} []
[2016-09-26 20:17:24] event.DEBUG: Notified event "{event}" to listener "{listener}". {"event":"kernel.finish_request","listener":"Symfony\\Component\\HttpKernel\\EventListener\\RouterListener::onKernelFinishRequest"} []
[2016-09-26 20:17:24] event.DEBUG: Notified event "{event}" to listener "{listener}". {"event":"kernel.finish_request","listener":"Symfony\\Component\\Security\\Http\\Firewall::onKernelFinishRequest"} []
[2016-09-26 20:17:24] request.CRITICAL: Exception thrown when handling an exception (RuntimeException: Session Storage was not able to create directory "/var/www/html/app/../var/sessions/prod" at /var/www/html/var/cache/prod/classes.php line 292) {"exception":"[object] (RuntimeException(code: 0): Session Storage was not able to create directory \"/var/www/html/app/../var/sessions/prod\" at /var/www/html/var/cache/prod/classes.php:292)"} []
